[0.012s] Invoking command in '/home/developer/SPWAR_ws/src/build/spot_description': CMAKE_PREFIX_PATH=${CMAKE_PREFIX_PATH}:/opt/ros/humble /usr/bin/cmake --build /home/developer/SPWAR_ws/src/build/spot_description -- -j16 -l16
[0.042s] -- Found ament_cmake: 1.3.10 (/opt/ros/humble/share/ament_cmake/cmake)
[0.208s] -- Configuring done
[0.214s] -- Generating done
[0.214s] -- Build files have been written to: /home/developer/SPWAR_ws/src/build/spot_description
[0.235s] Invoked command in '/home/developer/SPWAR_ws/src/build/spot_description' returned '0': CMAKE_PREFIX_PATH=${CMAKE_PREFIX_PATH}:/opt/ros/humble /usr/bin/cmake --build /home/developer/SPWAR_ws/src/build/spot_description -- -j16 -l16
[0.264s] Invoking command in '/home/developer/SPWAR_ws/src/build/spot_description': CMAKE_PREFIX_PATH=${CMAKE_PREFIX_PATH}:/opt/ros/humble /usr/bin/cmake --install /home/developer/SPWAR_ws/src/build/spot_description
[0.270s] -- Install configuration: ""
[0.270s] -- Up-to-date: /home/developer/SPWAR_ws/src/install/spot_description/share/spot_description/urdf
[0.270s] -- Up-to-date: /home/developer/SPWAR_ws/src/install/spot_description/share/spot_description/urdf/simple_robot.urdf
[0.270s] -- Up-to-date: /home/developer/SPWAR_ws/src/install/spot_description/share/spot_description/urdf/spot_with_arm.urdf
[0.270s] -- Up-to-date: /home/developer/SPWAR_ws/src/install/spot_description/share/spot_description/meshes
[0.271s] -- Up-to-date: /home/developer/SPWAR_ws/src/install/spot_description/share/spot_description/meshes/arm0.link_el0.stl
[0.271s] -- Up-to-date: /home/developer/SPWAR_ws/src/install/spot_description/share/spot_description/meshes/arm0.link_wr1.stl
[0.271s] -- Up-to-date: /home/developer/SPWAR_ws/src/install/spot_description/share/spot_description/meshes/arm0.link_hr0.stl
[0.271s] -- Up-to-date: /home/developer/SPWAR_ws/src/install/spot_description/share/spot_description/meshes/arm0.link_sh0.stl
[0.271s] -- Up-to-date: /home/developer/SPWAR_ws/src/install/spot_description/share/spot_description/meshes/fl_hip_0_geom_visual_mesh.stl
[0.271s] -- Up-to-date: /home/developer/SPWAR_ws/src/install/spot_description/share/spot_description/meshes/arm0.link_fngr.stl
[0.271s] -- Up-to-date: /home/developer/SPWAR_ws/src/install/spot_description/share/spot_description/meshes/lleg_0_geom_visual_mesh.stl
[0.271s] -- Up-to-date: /home/developer/SPWAR_ws/src/install/spot_description/share/spot_description/meshes/fr_hip_0_geom_visual_mesh.stl
[0.271s] -- Up-to-date: /home/developer/SPWAR_ws/src/install/spot_description/share/spot_description/meshes/arm0.link_el1.stl
[0.271s] -- Up-to-date: /home/developer/SPWAR_ws/src/install/spot_description/share/spot_description/meshes/hr_hip_0_geom_visual_mesh.stl
[0.271s] -- Up-to-date: /home/developer/SPWAR_ws/src/install/spot_description/share/spot_description/meshes/arm0.link_wr0.stl
[0.271s] -- Up-to-date: /home/developer/SPWAR_ws/src/install/spot_description/share/spot_description/meshes/base_link_0_geom_visual_mesh.stl
[0.271s] -- Up-to-date: /home/developer/SPWAR_ws/src/install/spot_description/share/spot_description/meshes/l_uleg_0_geom_visual_mesh.stl
[0.271s] -- Up-to-date: /home/developer/SPWAR_ws/src/install/spot_description/share/spot_description/meshes/hl_hip_0_geom_visual_mesh.stl
[0.271s] -- Up-to-date: /home/developer/SPWAR_ws/src/install/spot_description/share/spot_description/meshes/arm0.link_sh1.stl
[0.271s] -- Up-to-date: /home/developer/SPWAR_ws/src/install/spot_description/share/spot_description/meshes/r_uleg_0_geom_visual_mesh.stl
[0.271s] -- Up-to-date: /home/developer/SPWAR_ws/src/install/spot_description/share/spot_description/launch
[0.272s] -- Installing: /home/developer/SPWAR_ws/src/install/spot_description/share/spot_description/launch/gazebo.launch.py
[0.272s] -- Up-to-date: /home/developer/SPWAR_ws/src/install/spot_description/share/spot_description/launch/display.launch.py
[0.272s] -- Installing: /home/developer/SPWAR_ws/src/install/spot_description/share/ament_index/resource_index/package_run_dependencies/spot_description
[0.272s] -- Installing: /home/developer/SPWAR_ws/src/install/spot_description/share/ament_index/resource_index/parent_prefix_path/spot_description
[0.272s] -- Up-to-date: /home/developer/SPWAR_ws/src/install/spot_description/share/spot_description/environment/ament_prefix_path.sh
[0.272s] -- Installing: /home/developer/SPWAR_ws/src/install/spot_description/share/spot_description/environment/ament_prefix_path.dsv
[0.272s] -- Up-to-date: /home/developer/SPWAR_ws/src/install/spot_description/share/spot_description/environment/path.sh
[0.272s] -- Installing: /home/developer/SPWAR_ws/src/install/spot_description/share/spot_description/environment/path.dsv
[0.272s] -- Up-to-date: /home/developer/SPWAR_ws/src/install/spot_description/share/spot_description/local_setup.bash
[0.272s] -- Up-to-date: /home/developer/SPWAR_ws/src/install/spot_description/share/spot_description/local_setup.sh
[0.272s] -- Up-to-date: /home/developer/SPWAR_ws/src/install/spot_description/share/spot_description/local_setup.zsh
[0.272s] -- Installing: /home/developer/SPWAR_ws/src/install/spot_description/share/spot_description/local_setup.dsv
[0.273s] -- Installing: /home/developer/SPWAR_ws/src/install/spot_description/share/spot_description/package.dsv
[0.273s] -- Up-to-date: /home/developer/SPWAR_ws/src/install/spot_description/share/ament_index/resource_index/packages/spot_description
[0.273s] -- Up-to-date: /home/developer/SPWAR_ws/src/install/spot_description/share/spot_description/cmake/spot_descriptionConfig.cmake
[0.273s] -- Up-to-date: /home/developer/SPWAR_ws/src/install/spot_description/share/spot_description/cmake/spot_descriptionConfig-version.cmake
[0.273s] -- Installing: /home/developer/SPWAR_ws/src/install/spot_description/share/spot_description/package.xml
[0.275s] Invoked command in '/home/developer/SPWAR_ws/src/build/spot_description' returned '0': CMAKE_PREFIX_PATH=${CMAKE_PREFIX_PATH}:/opt/ros/humble /usr/bin/cmake --install /home/developer/SPWAR_ws/src/build/spot_description
