[0.010s] Invoking command in '/home/developer/SPWAR_ws/src/build/spot_description': CMAKE_PREFIX_PATH=/opt/ros/humble /usr/bin/cmake /home/developer/SPWAR_ws/src/spot_description -DCMAKE_INSTALL_PREFIX=/home/developer/SPWAR_ws/src/install/spot_description
[0.142s] -- The C compiler identification is GNU 11.4.0
[0.230s] -- The CXX compiler identification is GNU 11.4.0
[0.238s] -- Detecting C compiler ABI info
[0.305s] -- Detecting C compiler ABI info - done
[0.310s] -- Check for working C compiler: /usr/bin/cc - skipped
[0.310s] -- Detecting C compile features
[0.311s] -- Detecting C compile features - done
[0.314s] -- Detecting CXX compiler ABI info
[0.385s] -- Detecting CXX compiler ABI info - done
[0.390s] -- Check for working CXX compiler: /usr/bin/c++ - skipped
[0.391s] -- Detecting CXX compile features
[0.391s] -- Detecting CXX compile features - done
[0.398s] -- Found ament_cmake: 1.3.10 (/opt/ros/humble/share/ament_cmake/cmake)
[0.525s] -- Found Python3: /usr/bin/python3 (found version "3.10.12") found components: Interpreter 
[0.662s] -- Configuring done
[0.666s] -- Generating done
[0.666s] -- Build files have been written to: /home/developer/SPWAR_ws/src/build/spot_description
[0.670s] Invoked command in '/home/developer/SPWAR_ws/src/build/spot_description' returned '0': CMAKE_PREFIX_PATH=/opt/ros/humble /usr/bin/cmake /home/developer/SPWAR_ws/src/spot_description -DCMAKE_INSTALL_PREFIX=/home/developer/SPWAR_ws/src/install/spot_description
[0.672s] Invoking command in '/home/developer/SPWAR_ws/src/build/spot_description': CMAKE_PREFIX_PATH=/opt/ros/humble /usr/bin/cmake --build /home/developer/SPWAR_ws/src/build/spot_description -- -j16 -l16
[0.706s] Invoked command in '/home/developer/SPWAR_ws/src/build/spot_description' returned '0': CMAKE_PREFIX_PATH=/opt/ros/humble /usr/bin/cmake --build /home/developer/SPWAR_ws/src/build/spot_description -- -j16 -l16
[0.737s] Invoking command in '/home/developer/SPWAR_ws/src/build/spot_description': CMAKE_PREFIX_PATH=/opt/ros/humble /usr/bin/cmake --install /home/developer/SPWAR_ws/src/build/spot_description
[0.743s] -- Install configuration: ""
[0.743s] -- Installing: /home/developer/SPWAR_ws/src/install/spot_description/share/spot_description/urdf
[0.743s] -- Installing: /home/developer/SPWAR_ws/src/install/spot_description/share/spot_description/urdf/simple_robot.urdf
[0.743s] -- Installing: /home/developer/SPWAR_ws/src/install/spot_description/share/spot_description/urdf/spot_with_arm.urdf
[0.744s] -- Installing: /home/developer/SPWAR_ws/src/install/spot_description/share/spot_description/meshes
[0.744s] -- Installing: /home/developer/SPWAR_ws/src/install/spot_description/share/spot_description/meshes/arm0.link_el0.stl
[0.744s] -- Installing: /home/developer/SPWAR_ws/src/install/spot_description/share/spot_description/meshes/arm0.link_wr1.stl
[0.746s] -- Installing: /home/developer/SPWAR_ws/src/install/spot_description/share/spot_description/meshes/arm0.link_hr0.stl
[0.747s] -- Installing: /home/developer/SPWAR_ws/src/install/spot_description/share/spot_description/meshes/arm0.link_sh0.stl
[0.747s] -- Installing: /home/developer/SPWAR_ws/src/install/spot_description/share/spot_description/meshes/fl_hip_0_geom_visual_mesh.stl
[0.748s] -- Installing: /home/developer/SPWAR_ws/src/install/spot_description/share/spot_description/meshes/arm0.link_fngr.stl
[0.750s] -- Installing: /home/developer/SPWAR_ws/src/install/spot_description/share/spot_description/meshes/lleg_0_geom_visual_mesh.stl
[0.751s] -- Installing: /home/developer/SPWAR_ws/src/install/spot_description/share/spot_description/meshes/fr_hip_0_geom_visual_mesh.stl
[0.751s] -- Installing: /home/developer/SPWAR_ws/src/install/spot_description/share/spot_description/meshes/arm0.link_el1.stl
[0.752s] -- Installing: /home/developer/SPWAR_ws/src/install/spot_description/share/spot_description/meshes/hr_hip_0_geom_visual_mesh.stl
[0.753s] -- Installing: /home/developer/SPWAR_ws/src/install/spot_description/share/spot_description/meshes/arm0.link_wr0.stl
[0.754s] -- Installing: /home/developer/SPWAR_ws/src/install/spot_description/share/spot_description/meshes/base_link_0_geom_visual_mesh.stl
[0.754s] -- Installing: /home/developer/SPWAR_ws/src/install/spot_description/share/spot_description/meshes/l_uleg_0_geom_visual_mesh.stl
[0.755s] -- Installing: /home/developer/SPWAR_ws/src/install/spot_description/share/spot_description/meshes/hl_hip_0_geom_visual_mesh.stl
[0.755s] -- Installing: /home/developer/SPWAR_ws/src/install/spot_description/share/spot_description/meshes/arm0.link_sh1.stl
[0.756s] -- Installing: /home/developer/SPWAR_ws/src/install/spot_description/share/spot_description/meshes/r_uleg_0_geom_visual_mesh.stl
[0.756s] -- Installing: /home/developer/SPWAR_ws/src/install/spot_description/share/spot_description/launch
[0.756s] -- Installing: /home/developer/SPWAR_ws/src/install/spot_description/share/spot_description/launch/display.launch.py
[0.757s] -- Installing: /home/developer/SPWAR_ws/src/install/spot_description/share/ament_index/resource_index/package_run_dependencies/spot_description
[0.757s] -- Installing: /home/developer/SPWAR_ws/src/install/spot_description/share/ament_index/resource_index/parent_prefix_path/spot_description
[0.757s] -- Installing: /home/developer/SPWAR_ws/src/install/spot_description/share/spot_description/environment/ament_prefix_path.sh
[0.757s] -- Installing: /home/developer/SPWAR_ws/src/install/spot_description/share/spot_description/environment/ament_prefix_path.dsv
[0.758s] -- Installing: /home/developer/SPWAR_ws/src/install/spot_description/share/spot_description/environment/path.sh
[0.758s] -- Installing: /home/developer/SPWAR_ws/src/install/spot_description/share/spot_description/environment/path.dsv
[0.758s] -- Installing: /home/developer/SPWAR_ws/src/install/spot_description/share/spot_description/local_setup.bash
[0.758s] -- Installing: /home/developer/SPWAR_ws/src/install/spot_description/share/spot_description/local_setup.sh
[0.758s] -- Installing: /home/developer/SPWAR_ws/src/install/spot_description/share/spot_description/local_setup.zsh
[0.758s] -- Installing: /home/developer/SPWAR_ws/src/install/spot_description/share/spot_description/local_setup.dsv
[0.759s] -- Installing: /home/developer/SPWAR_ws/src/install/spot_description/share/spot_description/package.dsv
[0.759s] -- Installing: /home/developer/SPWAR_ws/src/install/spot_description/share/ament_index/resource_index/packages/spot_description
[0.759s] -- Installing: /home/developer/SPWAR_ws/src/install/spot_description/share/spot_description/cmake/spot_descriptionConfig.cmake
[0.759s] -- Installing: /home/developer/SPWAR_ws/src/install/spot_description/share/spot_description/cmake/spot_descriptionConfig-version.cmake
[0.759s] -- Installing: /home/developer/SPWAR_ws/src/install/spot_description/share/spot_description/package.xml
[0.761s] Invoked command in '/home/developer/SPWAR_ws/src/build/spot_description' returned '0': CMAKE_PREFIX_PATH=/opt/ros/humble /usr/bin/cmake --install /home/developer/SPWAR_ws/src/build/spot_description
